<?xml version="1.0" encoding="UTF-8"?>
<testng-results ignored="0" total="1" passed="1" failed="0" skipped="0">
  <reporter-output>
  </reporter-output>
  <suite started-at="2023-06-28T15:46:02 IST" name="opencartSuite" finished-at="2023-06-28T15:46:21 IST" duration-ms="19032">
    <groups>
      <group name="Master">
        <method signature="TC_001TestHomepage.login_In_With_Valid_Email_And_Password()[pri:0, instance:testCases.TC_001TestHomepage@7db12bb6]" name="login_In_With_Valid_Email_And_Password" class="testCases.TC_001TestHomepage"/>
      </group> <!-- Master -->
      <group name="Sanity">
        <method signature="TC_001TestHomepage.login_In_With_Valid_Email_And_Password()[pri:0, instance:testCases.TC_001TestHomepage@7db12bb6]" name="login_In_With_Valid_Email_And_Password" class="testCases.TC_001TestHomepage"/>
      </group> <!-- Sanity -->
    </groups>
    <test started-at="2023-06-28T15:46:02 IST" name="opencartTest" finished-at="2023-06-28T15:46:21 IST" duration-ms="19032">
      <class name="testCases.TC_001TestHomepage">
        <test-method is-config="true" signature="setup(java.lang.String)[pri:0, instance:testCases.TC_001TestHomepage@7db12bb6]" started-at="2023-06-28T15:46:03 IST" name="setup" finished-at="2023-06-28T15:46:16 IST" duration-ms="13339" status="PASS">
          <params>
            <param index="0">
              <value>
                <![CDATA[edge]]>
              </value>
            </param>
          </params>
          <reporter-output>
          </reporter-output>
        </test-method> <!-- setup -->
        <test-method signature="login_In_With_Valid_Email_And_Password()[pri:0, instance:testCases.TC_001TestHomepage@7db12bb6]" started-at="2023-06-28T15:46:16 IST" name="login_In_With_Valid_Email_And_Password" finished-at="2023-06-28T15:46:20 IST" duration-ms="4037" status="PASS">
          <reporter-output>
          </reporter-output>
        </test-method> <!-- login_In_With_Valid_Email_And_Password -->
        <test-method is-config="true" signature="tearDown()[pri:0, instance:testCases.TC_001TestHomepage@7db12bb6]" started-at="2023-06-28T15:46:20 IST" name="tearDown" finished-at="2023-06-28T15:46:21 IST" duration-ms="927" status="PASS">
          <reporter-output>
          </reporter-output>
        </test-method> <!-- tearDown -->
      </class> <!-- testCases.TC_001TestHomepage -->
    </test> <!-- opencartTest -->
  </suite> <!-- opencartSuite -->
</testng-results>
